<?xml version="1.0" encoding="UTF-8"?>
<!-- Generated by org.testng.reporters.JUnitReportReporter -->
<testsuite hostname="HPE-OT" failures="0" tests="4" name="ChallengeAPIPlaywright.Framework.SkuApiTest" time="13.949" errors="0" timestamp="2025-08-21T12:25:50 CDT" skipped="0">
  <testcase classname="ChallengeAPIPlaywright.Framework.SkuApiTest" name="testGetAllSkus" time="0.635"/>
  <testcase classname="ChallengeAPIPlaywright.Framework.SkuApiTest" name="testDeleteSku" time="0.682"/>
  <testcase classname="ChallengeAPIPlaywright.Framework.SkuApiTest" name="testGetSkuById" time="0.702"/>
  <testcase classname="ChallengeAPIPlaywright.Framework.SkuApiTest" name="testCreateSku" time="11.930"/>
</testsuite> <!-- ChallengeAPIPlaywright.Framework.SkuApiTest -->
